<?xml version="1.0" encoding="UTF-8"?>
<testng-results ignored="0" total="1" passed="1" failed="0" skipped="0">
  <reporter-output>
  </reporter-output>
  <suite started-at="2022-10-19T01:29:49 IST" name="Default suite" finished-at="2022-10-19T01:30:13 IST" duration-ms="23719">
    <groups>
    </groups>
    <test started-at="2022-10-19T01:29:49 IST" name="Default test" finished-at="2022-10-19T01:30:13 IST" duration-ms="23719">
      <class name="TestCase.LoginTC_001">
        <test-method is-config="true" signature="testSetup()[pri:0, instance:TestCase.LoginTC_001@4de4b452]" started-at="2022-10-19T01:29:49 IST" name="testSetup" finished-at="2022-10-19T01:29:56 IST" duration-ms="6767" status="PASS">
          <reporter-output>
          </reporter-output>
        </test-method> <!-- testSetup -->
        <test-method is-config="true" signature="openBrowser()[pri:0, instance:TestCase.LoginTC_001@4de4b452]" started-at="2022-10-19T01:29:56 IST" name="openBrowser" finished-at="2022-10-19T01:30:10 IST" duration-ms="13705" status="PASS">
          <reporter-output>
          </reporter-output>
        </test-method> <!-- openBrowser -->
        <test-method signature="Login()[pri:0, instance:TestCase.LoginTC_001@4de4b452]" started-at="2022-10-19T01:30:10 IST" name="Login" description="This method validates the Login functionality" finished-at="2022-10-19T01:30:13 IST" duration-ms="3116" status="PASS">
          <reporter-output>
          </reporter-output>
        </test-method> <!-- Login -->
        <test-method is-config="true" signature="postLogin()[pri:0, instance:TestCase.LoginTC_001@4de4b452]" started-at="2022-10-19T01:30:13 IST" name="postLogin" finished-at="2022-10-19T01:30:13 IST" duration-ms="7" status="PASS">
          <reporter-output>
          </reporter-output>
        </test-method> <!-- postLogin -->
        <test-method is-config="true" signature="afterClass()[pri:0, instance:TestCase.LoginTC_001@4de4b452]" started-at="2022-10-19T01:30:13 IST" name="afterClass" finished-at="2022-10-19T01:30:13 IST" duration-ms="80" status="PASS">
          <reporter-output>
          </reporter-output>
        </test-method> <!-- afterClass -->
      </class> <!-- TestCase.LoginTC_001 -->
    </test> <!-- Default test -->
  </suite> <!-- Default suite -->
</testng-results>
